<?xml version="1.0" encoding="UTF-8"?>
<!-- Generated by org.testng.reporters.JUnitReportReporter -->
<testsuite skipped="0" hostname="computer-PC" name="com.bet.test.Sampletest" tests="3" failures="0" timestamp="11 Jun 2020 15:59:41 GMT" time="0.017" errors="0">
  <testcase name="celebs_News" time="0.006" classname="com.bet.test.Sampletest"/>
  <testcase name="celebs" time="0.009" classname="com.bet.test.Sampletest"/>
  <testcase name="celebstrity" time="0.002" classname="com.bet.test.Sampletest"/>
</testsuite> <!-- com.bet.test.Sampletest -->
