<?xml version="1.0" encoding="UTF-8"?>
<!-- Generated by org.testng.reporters.JUnitReportReporter -->
<testsuite skipped="0" hostname="Akash-PC" name="com.bet.test.CelebsTest" tests="1" failures="0" timestamp="29 Aug 2020 18:03:48 GMT" time="28.970" errors="0">
  <testcase name="celebs_News" time="28.970" classname="com.bet.test.CelebsTest"/>
</testsuite> <!-- com.bet.test.CelebsTest -->
