<?xml version="1.0" encoding="UTF-8"?>
<!-- Generated by org.testng.reporters.JUnitReportReporter -->
<testsuite hostname="DESKTOP-6BGPPIE" name="com.bet.test.HomepageTest" tests="1" failures="0" timestamp="20 Jun 2020 16:15:06 GMT" time="47.904" errors="0">
  <testcase name="home_Videos" time="47.904" classname="com.bet.test.HomepageTest"/>
</testsuite> <!-- com.bet.test.HomepageTest -->
