<?xml version="1.0" encoding="UTF-8"?>
<!-- Generated by org.testng.reporters.JUnitReportReporter -->
<testsuite hostname="computer-PC" name="com.bet.test.HomepageMouseOverTest" tests="7" failures="0" timestamp="25 May 2020 18:10:58 GMT" time="113.623" errors="0">
  <testcase name="home_Celebs" time="20.899" classname="com.bet.test.HomepageMouseOverTest"/>
  <testcase name="home_Videos" time="16.396" classname="com.bet.test.HomepageMouseOverTest"/>
  <testcase name="home_Style" time="15.423" classname="com.bet.test.HomepageMouseOverTest"/>
  <testcase name="home_News" time="15.675" classname="com.bet.test.HomepageMouseOverTest"/>
  <testcase name="home_BetPlus" time="14.978" classname="com.bet.test.HomepageMouseOverTest"/>
  <testcase name="home_Shows" time="14.927" classname="com.bet.test.HomepageMouseOverTest"/>
  <testcase name="home_Music" time="15.325" classname="com.bet.test.HomepageMouseOverTest"/>
</testsuite> <!-- com.bet.test.HomepageMouseOverTest -->
