<?xml version="1.0" encoding="UTF-8"?>
<!-- Generated by org.testng.reporters.JUnitReportReporter -->
<testsuite skipped="0" hostname="computer-PC" name="com.bet.test.BetPlusTest" tests="1" failures="0" timestamp="11 Jun 2020 17:32:27 GMT" time="25.047" errors="0">
  <testcase name="StreamExclusiveOriginals" time="25.047" classname="com.bet.test.BetPlusTest"/>
</testsuite> <!-- com.bet.test.BetPlusTest -->
