<?xml version="1.0" encoding="UTF-8"?>
<!-- Generated by org.testng.reporters.JUnitReportReporter -->
<testsuite skipped="0" hostname="computer-PC" name="com.bet.test.NewsTest" tests="1" failures="0" timestamp="11 Jun 2020 17:32:27 GMT" time="16.101" errors="0">
  <testcase name="news_ReclaimYourVote" time="16.101" classname="com.bet.test.NewsTest"/>
</testsuite> <!-- com.bet.test.NewsTest -->
