<?xml version="1.0" encoding="UTF-8"?>
<!-- Generated by org.testng.reporters.JUnitReportReporter -->
<testsuite skipped="0" hostname="computer-PC" name="com.bet.test.Covid19ReliefFundTest" tests="1" failures="0" timestamp="11 Jun 2020 17:32:27 GMT" time="93.620" errors="0">
  <testcase name="covid19ReliefFund" time="93.620" classname="com.bet.test.Covid19ReliefFundTest"/>
</testsuite> <!-- com.bet.test.Covid19ReliefFundTest -->
