<?xml version="1.0" encoding="UTF-8"?>
<!-- Generated by org.testng.reporters.JUnitReportReporter -->
<testsuite skipped="0" hostname="computer-PC" name="com.bet.test.Sample" tests="1" failures="0" timestamp="08 Jun 2020 04:39:17 GMT" time="18.682" errors="0">
  <testcase name="celebs_News" time="18.682" classname="com.bet.test.Sample"/>
</testsuite> <!-- com.bet.test.Sample -->
