<?xml version="1.0" encoding="UTF-8"?>
<!-- Generated by org.testng.reporters.JUnitReportReporter -->
<testsuite hostname="DESKTOP-6BGPPIE" name="com.bet.test.HomepageSectionPreviewTest" tests="1" failures="0" timestamp="28 Jun 2020 04:14:52 GMT" time="18.069" errors="0">
  <testcase name="Music_Preview" time="18.069" classname="com.bet.test.HomepageSectionPreviewTest"/>
</testsuite> <!-- com.bet.test.HomepageSectionPreviewTest -->
