<?xml version="1.0" encoding="UTF-8"?>
<!-- Generated by org.testng.reporters.JUnitReportReporter -->
<testsuite skipped="0" hostname="computer-PC" name="com.bet.test.VideosTest" tests="1" failures="0" timestamp="11 Jun 2020 17:36:14 GMT" time="16.764" errors="0">
  <testcase name="videos_BetBuzz" time="16.764" classname="com.bet.test.VideosTest"/>
</testsuite> <!-- com.bet.test.VideosTest -->
