<?xml version="1.0" encoding="UTF-8"?>
<!-- Generated by org.testng.reporters.JUnitReportReporter -->
<testsuite skipped="0" hostname="computer-PC" name="com.bet.test.SearchBarTest" tests="1" failures="0" timestamp="11 Jun 2020 17:32:27 GMT" time="19.511" errors="0">
  <testcase name="searchPageDisplay" time="19.511" classname="com.bet.test.SearchBarTest"/>
</testsuite> <!-- com.bet.test.SearchBarTest -->
