<?xml version="1.0" encoding="UTF-8"?>
<!-- Generated by org.testng.reporters.JUnitReportReporter -->
<testsuite hostname="computer-PC" name="com.bet.test.TestNGconcepts" tests="1" failures="0" timestamp="28 May 2020 05:18:43 GMT" time="33.606" errors="0">
  <testcase name="TestCase" time="33.606" classname="com.bet.test.TestNGconcepts"/>
</testsuite> <!-- com.bet.test.TestNGconcepts -->
