<?xml version="1.0" encoding="UTF-8"?>
<!-- Generated by org.testng.reporters.JUnitReportReporter -->
<testsuite skipped="0" hostname="computer-PC" name="com.bet.test.ShowsTest" tests="1" failures="0" timestamp="11 Jun 2020 17:32:27 GMT" time="23.429" errors="0">
  <testcase name="shows_BetAwards" time="23.429" classname="com.bet.test.ShowsTest"/>
</testsuite> <!-- com.bet.test.ShowsTest -->
