<?xml version="1.0" encoding="UTF-8"?>
<!-- Generated by org.testng.reporters.JUnitReportReporter -->
<testsuite skipped="0" hostname="computer-PC" name="com.bet.test.CelebsTest" tests="1" failures="0" timestamp="11 Jun 2020 17:32:27 GMT" time="19.555" errors="0">
  <testcase name="celebs_News" time="19.555" classname="com.bet.test.CelebsTest"/>
</testsuite> <!-- com.bet.test.CelebsTest -->
