<?xml version="1.0" encoding="UTF-8"?>
<!-- Generated by org.testng.reporters.JUnitReportReporter -->
<testsuite skipped="0" hostname="computer-PC" name="com.bet.test.StyleTest" tests="1" failures="0" timestamp="11 Jun 2020 17:32:27 GMT" time="13.407" errors="0">
  <testcase name="style_Videos" time="13.407" classname="com.bet.test.StyleTest"/>
</testsuite> <!-- com.bet.test.StyleTest -->
